Using pre-set license
Built from '2022.3/staging' branch; Version is '2022.3.11f1 (d00248457e15) revision 13632072'; Using compiler version '192829333'; Build Type 'Release'
OS: 'Windows 11  (10.0.22635) 64bit CoreSingleLanguage' Language: 'en' Physical Memory: 6081 MB
BatchMode: 1, IsHumanControllingUs: 0, StartBugReporterOnCrash: 0, Is64bit: 1, IsPro: 1

COMMAND LINE ARGUMENTS:
C:\Program Files\Unity 2022.3.11f1\Editor\Unity.exe
-adb2
-batchMode
-noUpm
-name
AssetImportWorker0
-projectPath
C:/Users/Rishikesh Kumar/Dropbox/My PC (LAPTOP-KP31EEKV)/Desktop/Game Development/Ludo
-logFile
Logs/AssetImportWorker0.log
-srvPort
51383
Successfully changed project path to: C:/Users/Rishikesh Kumar/Dropbox/My PC (LAPTOP-KP31EEKV)/Desktop/Game Development/Ludo
C:/Users/Rishikesh Kumar/Dropbox/My PC (LAPTOP-KP31EEKV)/Desktop/Game Development/Ludo
[UnityMemory] Configuration Parameters - Can be set up in boot.config
    "memorysetup-bucket-allocator-granularity=16"
    "memorysetup-bucket-allocator-bucket-count=8"
    "memorysetup-bucket-allocator-block-size=33554432"
    "memorysetup-bucket-allocator-block-count=8"
    "memorysetup-main-allocator-block-size=16777216"
    "memorysetup-thread-allocator-block-size=16777216"
    "memorysetup-gfx-main-allocator-block-size=16777216"
    "memorysetup-gfx-thread-allocator-block-size=16777216"
    "memorysetup-cache-allocator-block-size=4194304"
    "memorysetup-typetree-allocator-block-size=2097152"
    "memorysetup-profiler-bucket-allocator-granularity=16"
    "memorysetup-profiler-bucket-allocator-bucket-count=8"
    "memorysetup-profiler-bucket-allocator-block-size=33554432"
    "memorysetup-profiler-bucket-allocator-block-count=8"
    "memorysetup-profiler-allocator-block-size=16777216"
    "memorysetup-profiler-editor-allocator-block-size=1048576"
    "memorysetup-temp-allocator-size-main=16777216"
    "memorysetup-job-temp-allocator-block-size=2097152"
    "memorysetup-job-temp-allocator-block-size-background=1048576"
    "memorysetup-job-temp-allocator-reduction-small-platforms=262144"
    "memorysetup-allocator-temp-initial-block-size-main=262144"
    "memorysetup-allocator-temp-initial-block-size-worker=262144"
    "memorysetup-temp-allocator-size-background-worker=32768"
    "memorysetup-temp-allocator-size-job-worker=262144"
    "memorysetup-temp-allocator-size-preload-manager=33554432"
    "memorysetup-temp-allocator-size-nav-mesh-worker=65536"
    "memorysetup-temp-allocator-size-audio-worker=65536"
    "memorysetup-temp-allocator-size-cloud-worker=32768"
    "memorysetup-temp-allocator-size-gi-baking-worker=262144"
    "memorysetup-temp-allocator-size-gfx=262144"
Player connection [23472] Host "[IP] 172.29.0.1 [Port] 0 [Flags] 2 [Guid] 3815120921 [EditorId] 3815120921 [Version] 1048832 [Id] WindowsEditor(7,Rishikesh) [Debug] 1 [PackageName] WindowsEditor [ProjectName] Editor" joined multi-casting on [225.0.0.222:54997]...

Player connection [23472] Host "[IP] 172.29.0.1 [Port] 0 [Flags] 2 [Guid] 3815120921 [EditorId] 3815120921 [Version] 1048832 [Id] WindowsEditor(7,Rishikesh) [Debug] 1 [PackageName] WindowsEditor [ProjectName] Editor" joined alternative multi-casting on [225.0.0.222:34997]...

[Physics::Module] Initialized MultithreadedJobDispatcher with 7 workers.
Refreshing native plugins compatible for Editor in 224.27 ms, found 4 plugins.
Preloading 0 native plugins for Editor in 0.00 ms.
Initialize engine version: 2022.3.11f1 (d00248457e15)
[Subsystems] Discovering subsystems at path C:/Program Files/Unity 2022.3.11f1/Editor/Data/Resources/UnitySubsystems
[Subsystems] Discovering subsystems at path C:/Users/Rishikesh Kumar/Dropbox/My PC (LAPTOP-KP31EEKV)/Desktop/Game Development/Ludo/Assets
GfxDevice: creating device client; threaded=0; jobified=0
Direct3D:
    Version:  Direct3D 11.0 [level 11.1]
    Renderer: NVIDIA GeForce GTX 1650 (ID=0x1f99)
    Vendor:   NVIDIA
    VRAM:     3952 MB
    Driver:   31.0.15.2824
Initialize mono
Mono path[0] = 'C:/Program Files/Unity 2022.3.11f1/Editor/Data/Managed'
Mono path[1] = 'C:/Program Files/Unity 2022.3.11f1/Editor/Data/MonoBleedingEdge/lib/mono/unityjit-win32'
Mono config path = 'C:/Program Files/Unity 2022.3.11f1/Editor/Data/MonoBleedingEdge/etc'
Using monoOptions --debugger-agent=transport=dt_socket,embedding=1,server=y,suspend=n,address=127.0.0.1:56272
Begin MonoManager ReloadAssembly
Registering precompiled unity dll's ...
Register platform support module: C:/Program Files/Unity 2022.3.11f1/Editor/Data/PlaybackEngines/WindowsStandaloneSupport/UnityEditor.WindowsStandalone.Extensions.dll
Registered in 0.021273 seconds.
- Loaded All Assemblies, in  1.699 seconds
Native extension for WindowsStandalone target not found
Mono: successfully reloaded assembly
- Finished resetting the current domain, in  0.659 seconds
Domain Reload Profiling: 2355ms
	BeginReloadAssembly (403ms)
		ExecutionOrderSort (0ms)
		DisableScriptedObjects (0ms)
		BackupInstance (0ms)
		ReleaseScriptingObjects (0ms)
		CreateAndSetChildDomain (1ms)
	RebuildCommonClasses (96ms)
	RebuildNativeTypeToScriptingClass (20ms)
	initialDomainReloadingComplete (157ms)
	LoadAllAssembliesAndSetupDomain (1018ms)
		LoadAssemblies (400ms)
		RebuildTransferFunctionScriptingTraits (0ms)
		AnalyzeDomain (1012ms)
			TypeCache.Refresh (1009ms)
				TypeCache.ScanAssembly (969ms)
			ScanForSourceGeneratedMonoScriptInfo (1ms)
			ResolveRequiredComponents (1ms)
	FinalizeReload (661ms)
		ReleaseScriptCaches (0ms)
		RebuildScriptCaches (0ms)
		SetupLoadedEditorAssemblies (518ms)
			LogAssemblyErrors (0ms)
			InitializePlatformSupportModulesInManaged (21ms)
			SetLoadedEditorAssemblies (17ms)
			RefreshPlugins (0ms)
			BeforeProcessingInitializeOnLoad (6ms)
			ProcessInitializeOnLoadAttributes (342ms)
			ProcessInitializeOnLoadMethodAttributes (132ms)
			AfterProcessingInitializeOnLoad (0ms)
			EditorAssembliesLoaded (0ms)
		ExecutionOrderSort2 (0ms)
		AwakeInstancesAfterBackupRestoration (0ms)
========================================================================
Worker process is ready to serve import requests
Begin MonoManager ReloadAssembly
- Loaded All Assemblies, in  2.122 seconds
Refreshing native plugins compatible for Editor in 29.26 ms, found 4 plugins.
Native extension for WindowsStandalone target not found
Package Manager log level set to [2]
[Package Manager] Server::EnsureServerProcessIsRunning -- launch failed, reason: Unity was launched with the -noUpm command-line argument
[Package Manager] UpmClient::Send -- Unable to send message (not connected to UPM process).
[Package Manager] Cannot connect to Unity Package Manager local server
Mono: successfully reloaded assembly
- Finished resetting the current domain, in  1.824 seconds
Domain Reload Profiling: 3935ms
	BeginReloadAssembly (420ms)
		ExecutionOrderSort (0ms)
		DisableScriptedObjects (14ms)
		BackupInstance (0ms)
		ReleaseScriptingObjects (0ms)
		CreateAndSetChildDomain (48ms)
	RebuildCommonClasses (67ms)
	RebuildNativeTypeToScriptingClass (23ms)
	initialDomainReloadingComplete (110ms)
	LoadAllAssembliesAndSetupDomain (1482ms)
		LoadAssemblies (1282ms)
		RebuildTransferFunctionScriptingTraits (0ms)
		AnalyzeDomain (486ms)
			TypeCache.Refresh (401ms)
				TypeCache.ScanAssembly (354ms)
			ScanForSourceGeneratedMonoScriptInfo (64ms)
			ResolveRequiredComponents (17ms)
	FinalizeReload (1832ms)
		ReleaseScriptCaches (0ms)
		RebuildScriptCaches (0ms)
		SetupLoadedEditorAssemblies (1319ms)
			LogAssemblyErrors (0ms)
			InitializePlatformSupportModulesInManaged (18ms)
			SetLoadedEditorAssemblies (14ms)
			RefreshPlugins (0ms)
			BeforeProcessingInitializeOnLoad (251ms)
			ProcessInitializeOnLoadAttributes (921ms)
			ProcessInitializeOnLoadMethodAttributes (98ms)
			AfterProcessingInitializeOnLoad (17ms)
			EditorAssembliesLoaded (0ms)
		ExecutionOrderSort2 (0ms)
		AwakeInstancesAfterBackupRestoration (21ms)
Launched and connected shader compiler UnityShaderCompiler.exe after 0.20 seconds
Refreshing native plugins compatible for Editor in 16.38 ms, found 4 plugins.
Preloading 0 native plugins for Editor in 0.00 ms.
Unloading 4015 Unused Serialized files (Serialized files now loaded: 0)
Unloading 64 unused Assets / (61.0 KB). Loaded Objects now: 4476.
Memory consumption went from 142.6 MB to 142.5 MB.
Total: 10.277900 ms (FindLiveObjects: 1.059700 ms CreateObjectMapping: 1.119300 ms MarkObjects: 7.017300 ms  DeleteObjects: 1.078000 ms)

AssetImportParameters requested are different than current active one (requested -> active):
  custom:container-demuxer-ogg: 62fdf1f143b41e24485cea50d1cbac27 -> 
  custom:video-decoder-ogg-theora: a1e56fd34408186e4bbccfd4996cb3dc -> 
  custom:framework-win-MediaFoundation: 216162199b28c13a410421893ffa2e32 -> 
  custom:CustomObjectIndexerAttribute: 756ad292c208cfabdd7b50bc23989ffe -> 
  custom:container-demuxer-webm: 4f35f7cbe854078d1ac9338744f61a02 -> 
  custom:container-muxer-webm: aa71ff27fc2769a1b78a27578f13a17b -> 
  custom:video-decoder-webm-vp8: 9c59270c3fd7afecdb556c50c9e8de78 -> 
  custom:SearchIndexIgnoredProperties: e643bd26f0fe6173181afceb89e7c659 -> 
  custom:AudioImporter_EditorPlatform: d09bf68614088b80899f8185d706f6e7 -> 
  custom:video-encoder-webm-vp8: eb34c28f22e8b96e1ab97ce403110664 -> 
  custom:audio-decoder-ogg-vorbis: bf7c407c2cedff20999df2af8eb42d56 -> 
  custom:audio-encoder-webm-vorbis: bf7c407c2cedff20999df2af8eb42d56 -> 
========================================================================
Received Import Request.
  Time since last request: 291444.701362 seconds.
  path: Assets/TileMaps/ludo_board.prefab
  artifactKey: Guid(c4b0c8e29cf524b4cb23899e9d0eada3) Importer(815301076,1909f56bfc062723c751e8b465ee728b)
Start importing Assets/TileMaps/ludo_board.prefab using Guid(c4b0c8e29cf524b4cb23899e9d0eada3) Importer(815301076,1909f56bfc062723c751e8b465ee728b)  -> (artifact id: '3565f48a15c6dbcf11d89758a2d6270d') in 0.355482 seconds
Number of updated asset objects reloaded before import = 0
Number of asset objects unloaded after import = 10
========================================================================
Received Import Request.
  Time since last request: 0.000109 seconds.
  path: Assets/graphics/cells.png
  artifactKey: Guid(399d6460b6d842044bdad26cf3c853eb) Importer(815301076,1909f56bfc062723c751e8b465ee728b)
Start importing Assets/graphics/cells.png using Guid(399d6460b6d842044bdad26cf3c853eb) Importer(815301076,1909f56bfc062723c751e8b465ee728b)  -> (artifact id: '7e3d8bdde9068bad1ab0af298cc45f05') in 0.120416 seconds
Number of updated asset objects reloaded before import = 0
Number of asset objects unloaded after import = 3
========================================================================
Received Import Request.
  Time since last request: 0.001580 seconds.
  path: Assets/graphics/spritesheet.png
  artifactKey: Guid(1e352e021301afc49b7a7c42a4497f58) Importer(815301076,1909f56bfc062723c751e8b465ee728b)
Start importing Assets/graphics/spritesheet.png using Guid(1e352e021301afc49b7a7c42a4497f58) Importer(815301076,1909f56bfc062723c751e8b465ee728b)  -> (artifact id: 'c2636ad3e893515c7935b350b32d0b86') in 0.144021 seconds
Number of updated asset objects reloaded before import = 0
Number of asset objects unloaded after import = 3
========================================================================
Received Import Request.
  Time since last request: 0.000067 seconds.
  path: Assets/graphics
  artifactKey: Guid(f51c18a2cde12954289c95a03105cc0e) Importer(815301076,1909f56bfc062723c751e8b465ee728b)
Start importing Assets/graphics using Guid(f51c18a2cde12954289c95a03105cc0e) Importer(815301076,1909f56bfc062723c751e8b465ee728b)  -> (artifact id: '04d168fc24b97825cb4c3bd7d15bcd1a') in 0.002030 seconds
Number of updated asset objects reloaded before import = 0
Number of asset objects unloaded after import = 0
========================================================================
Received Import Request.
  Time since last request: 27.511512 seconds.
  path: Assets/graphics/cells.asset
  artifactKey: Guid(d21b98ccdd1a6b74882db915812d2d7b) Importer(815301076,1909f56bfc062723c751e8b465ee728b)
Start importing Assets/graphics/cells.asset using Guid(d21b98ccdd1a6b74882db915812d2d7b) Importer(815301076,1909f56bfc062723c751e8b465ee728b)  -> (artifact id: '190fcaeec283fdf17fb3f382dd00c501') in 0.029390 seconds
Number of updated asset objects reloaded before import = 0
Number of asset objects unloaded after import = 3
========================================================================
Received Import Request.
  Time since last request: 94.613122 seconds.
  path: Assets/graphics/cells.asset
  artifactKey: Guid(d21b98ccdd1a6b74882db915812d2d7b) Importer(815301076,1909f56bfc062723c751e8b465ee728b)
Start importing Assets/graphics/cells.asset using Guid(d21b98ccdd1a6b74882db915812d2d7b) Importer(815301076,1909f56bfc062723c751e8b465ee728b)  -> (artifact id: '03b442e573abd222ce86a4a5b4f21b29') in 0.016001 seconds
Number of updated asset objects reloaded before import = 0
Number of asset objects unloaded after import = 3
========================================================================
Received Import Request.
  Time since last request: 91.751934 seconds.
  path: Assets/graphics/cells.png
  artifactKey: Guid(399d6460b6d842044bdad26cf3c853eb) Importer(815301076,1909f56bfc062723c751e8b465ee728b)
Start importing Assets/graphics/cells.png using Guid(399d6460b6d842044bdad26cf3c853eb) Importer(815301076,1909f56bfc062723c751e8b465ee728b)  -> (artifact id: '2e69414f5a2cbd5e6d94a476633b348f') in 0.037649 seconds
Number of updated asset objects reloaded before import = 0
Number of asset objects unloaded after import = 2
========================================================================
Received Import Request.
  Time since last request: 59.850786 seconds.
  path: Assets/graphics/cells.png
  artifactKey: Guid(399d6460b6d842044bdad26cf3c853eb) Importer(815301076,1909f56bfc062723c751e8b465ee728b)
Start importing Assets/graphics/cells.png using Guid(399d6460b6d842044bdad26cf3c853eb) Importer(815301076,1909f56bfc062723c751e8b465ee728b)  -> (artifact id: 'eee9edab022aa8a77b218bd1c90524cb') in 0.058274 seconds
Number of updated asset objects reloaded before import = 0
Number of asset objects unloaded after import = 7
========================================================================
Received Import Request.
  Time since last request: 15.929410 seconds.
  path: Assets/TileMaps/ludo_board.prefab
  artifactKey: Guid(c4b0c8e29cf524b4cb23899e9d0eada3) Importer(815301076,1909f56bfc062723c751e8b465ee728b)
Start importing Assets/TileMaps/ludo_board.prefab using Guid(c4b0c8e29cf524b4cb23899e9d0eada3) Importer(815301076,1909f56bfc062723c751e8b465ee728b)  -> (artifact id: '715b08525ed14d09e66cd2c3638f2e97') in 0.019525 seconds
Number of updated asset objects reloaded before import = 0
Number of asset objects unloaded after import = 10
========================================================================
Received Import Request.
  Time since last request: 163.101371 seconds.
  path: Assets/TileMaps/cells_0.asset
  artifactKey: Guid(cc3272b6ff746a54484683311c49332f) Importer(815301076,1909f56bfc062723c751e8b465ee728b)
Start importing Assets/TileMaps/cells_0.asset using Guid(cc3272b6ff746a54484683311c49332f) Importer(815301076,1909f56bfc062723c751e8b465ee728b)  -> (artifact id: '103ce6f229db845b1691d3f5921b164b') in 0.032372 seconds
Number of updated asset objects reloaded before import = 0
Number of asset objects unloaded after import = 3
========================================================================
Received Import Request.
  Time since last request: 0.000039 seconds.
  path: Assets/TileMaps/cells_2.asset
  artifactKey: Guid(a840d1f7f4b934440afb8cf7f9df21e3) Importer(815301076,1909f56bfc062723c751e8b465ee728b)
Start importing Assets/TileMaps/cells_2.asset using Guid(a840d1f7f4b934440afb8cf7f9df21e3) Importer(815301076,1909f56bfc062723c751e8b465ee728b)  -> (artifact id: 'c2a1e9dca220a3a4ac53b45ac6e0a623') in 0.030601 seconds
Number of updated asset objects reloaded before import = 0
Number of asset objects unloaded after import = 3
========================================================================
Received Import Request.
  Time since last request: 0.000058 seconds.
  path: Assets/TileMaps/ludo_board.prefab
  artifactKey: Guid(c4b0c8e29cf524b4cb23899e9d0eada3) Importer(815301076,1909f56bfc062723c751e8b465ee728b)
Start importing Assets/TileMaps/ludo_board.prefab using Guid(c4b0c8e29cf524b4cb23899e9d0eada3) Importer(815301076,1909f56bfc062723c751e8b465ee728b)  -> (artifact id: '359c54554e5ebc5980883e81f46faea1') in 0.056313 seconds
Number of updated asset objects reloaded before import = 0
Number of asset objects unloaded after import = 21
========================================================================
Received Import Request.
  Time since last request: 0.000068 seconds.
  path: Assets/TileMaps/cells_4.asset
  artifactKey: Guid(b78f29b982dfbf34e8bd6af578daa491) Importer(815301076,1909f56bfc062723c751e8b465ee728b)
Start importing Assets/TileMaps/cells_4.asset using Guid(b78f29b982dfbf34e8bd6af578daa491) Importer(815301076,1909f56bfc062723c751e8b465ee728b)  -> (artifact id: 'ca9b4ca782730e3afc63a00a9e835878') in 0.030949 seconds
Number of updated asset objects reloaded before import = 0
Number of asset objects unloaded after import = 3
========================================================================
Received Import Request.
  Time since last request: 0.000192 seconds.
  path: Assets/TileMaps/cells_3.asset
  artifactKey: Guid(f1ded08847a5fd74992dcc03a34a55c3) Importer(815301076,1909f56bfc062723c751e8b465ee728b)
Start importing Assets/TileMaps/cells_3.asset using Guid(f1ded08847a5fd74992dcc03a34a55c3) Importer(815301076,1909f56bfc062723c751e8b465ee728b)  -> (artifact id: 'c56e7180bafeee1891557520093b3fd8') in 0.026101 seconds
Number of updated asset objects reloaded before import = 0
Number of asset objects unloaded after import = 3
========================================================================
Received Import Request.
  Time since last request: 235.437804 seconds.
  path: Assets/TileMaps/New Folder
  artifactKey: Guid(46b1a8e1687158546911ad7f0e369d17) Importer(815301076,1909f56bfc062723c751e8b465ee728b)
Start importing Assets/TileMaps/New Folder using Guid(46b1a8e1687158546911ad7f0e369d17) Importer(815301076,1909f56bfc062723c751e8b465ee728b)  -> (artifact id: '26d673f6467f283b42cc84ee6ad65b6c') in 0.001413 seconds
Number of updated asset objects reloaded before import = 0
Number of asset objects unloaded after import = 0
========================================================================
Received Import Request.
  Time since last request: 17.083450 seconds.
  path: Assets/TileMaps/sprites
  artifactKey: Guid(46b1a8e1687158546911ad7f0e369d17) Importer(815301076,1909f56bfc062723c751e8b465ee728b)
Start importing Assets/TileMaps/sprites using Guid(46b1a8e1687158546911ad7f0e369d17) Importer(815301076,1909f56bfc062723c751e8b465ee728b)  -> (artifact id: '1d7a706592a60d31bd77f53de6685067') in 0.001014 seconds
Number of updated asset objects reloaded before import = 0
Number of asset objects unloaded after import = 0
========================================================================
Received Import Request.
  Time since last request: 38.903615 seconds.
  path: Assets/graphics/showAreas.png
  artifactKey: Guid(06c57e999dfaa6a4a85a165b13a80e52) Importer(815301076,1909f56bfc062723c751e8b465ee728b)
Start importing Assets/graphics/showAreas.png using Guid(06c57e999dfaa6a4a85a165b13a80e52) Importer(815301076,1909f56bfc062723c751e8b465ee728b)  -> (artifact id: 'e9dbd012ab7ea2365500fa7122df4358') in 0.081155 seconds
Number of updated asset objects reloaded before import = 0
Number of asset objects unloaded after import = 2
========================================================================
Received Import Request.
  Time since last request: 19.017749 seconds.
  path: Assets/graphics/showAreas.png
  artifactKey: Guid(06c57e999dfaa6a4a85a165b13a80e52) Importer(815301076,1909f56bfc062723c751e8b465ee728b)
Start importing Assets/graphics/showAreas.png using Guid(06c57e999dfaa6a4a85a165b13a80e52) Importer(815301076,1909f56bfc062723c751e8b465ee728b)  -> (artifact id: 'd1553220e0886ec108318fdf8f8f1a06') in 0.078714 seconds
Number of updated asset objects reloaded before import = 0
Number of asset objects unloaded after import = 6
